<?xml version="1.0" encoding="UTF-8"?>
<testsuite name="runners.BikeRunner" tests="0" skipped="0" failures="0" errors="0" timestamp="1970-01-01T00:00:00" hostname="DESKTOP-K67MERB" time="0.0">
  <properties/>
  <system-out><![CDATA[
5 Scenarios (?[32m5 passed?[0m)
15 Steps (?[32m15 passed?[0m)
7m23,753s

]]></system-out>
  <system-err><![CDATA[[Test worker] INFO net.thucydides.core.steps.ConsoleLoggingListener - Test Suite Started: SQA-C39 Pagina de Ciclas
[Test worker] INFO net.thucydides.core.steps.ConsoleLoggingListener - 
 _____ _____ ____ _____   ____ _____  _    ____ _____ _____ ____  
|_   _| ____/ ___|_   _| / ___|_   _|/ \  |  _ \_   _| ____|  _ \ 
  | | |  _| \___ \ | |   \___ \ | | / _ \ | |_) || | |  _| | | | |
  | | | |___ ___) || |    ___) || |/ ___ \|  _ < | | | |___| |_| |
  |_| |_____|____/ |_|   |____/ |_/_/   \_\_| \_\|_| |_____|____/ 
                                                                  

TEST STARTED: Buscar palabra en el buscador de Bikesonline exitoso 2021 Polygon Siskiu D7 - Dual Suspension Mountain Bike
-------------------------------------------------------------------(sqa-c39-pagina-de-ciclas;buscar-palabra-en-el-buscador-de-bikesonline-exitoso-2021-polygon-siskiu-d7---dual-suspension-mountain-bike)
]]></system-err>
</testsuite>
